  BoneData.pb.cc
  meshData.cpp
  meshData.pb.cc
  ProtoBufEngine_DLLMain.cpp
  textureData.cpp
  textureData.pb.cc
  vboData.cpp
  vboData.pb.cc
D:\PersonalEngine\GameEngine_Azul\Engine_Sprint_0.2\Libs\ProtoBuf\Proto\absl\base\nullability.h(1,1): warning C4819: 该文件包含不能在当前代码页(936)中表示的字符。请将该文件保存为 Unicode 格式以防止数据丢失
  (编译源文件“../ProtoBuf/src/meshData.pb.cc”)
  
D:\PersonalEngine\GameEngine_Azul\Engine_Sprint_0.2\Libs\ProtoBuf\Proto\absl\base\nullability.h(1,1): warning C4819: 该文件包含不能在当前代码页(936)中表示的字符。请将该文件保存为 Unicode 格式以防止数据丢失
  (编译源文件“../ProtoBuf/src/vboData.cpp”)
  
D:\PersonalEngine\GameEngine_Azul\Engine_Sprint_0.2\Libs\ProtoBuf\Proto\absl\base\nullability.h(1,1): warning C4819: 该文件包含不能在当前代码页(936)中表示的字符。请将该文件保存为 Unicode 格式以防止数据丢失
  (编译源文件“../ProtoBuf/src/BoneData.pb.cc”)
  
D:\PersonalEngine\GameEngine_Azul\Engine_Sprint_0.2\Libs\ProtoBuf\Proto\absl\base\nullability.h(1,1): warning C4819: 该文件包含不能在当前代码页(936)中表示的字符。请将该文件保存为 Unicode 格式以防止数据丢失
  (编译源文件“../ProtoBuf/src/textureData.pb.cc”)
  
D:\PersonalEngine\GameEngine_Azul\Engine_Sprint_0.2\Libs\ProtoBuf\Proto\absl\base\nullability.h(1,1): warning C4819: 该文件包含不能在当前代码页(936)中表示的字符。请将该文件保存为 Unicode 格式以防止数据丢失
  (编译源文件“../ProtoBuf/src/vboData.pb.cc”)
  
D:\PersonalEngine\GameEngine_Azul\Engine_Sprint_0.2\Libs\ProtoBuf\Proto\absl\base\nullability.h(1,1): warning C4819: 该文件包含不能在当前代码页(936)中表示的字符。请将该文件保存为 Unicode 格式以防止数据丢失
  (编译源文件“../ProtoBuf/src/meshData.cpp”)
  
D:\PersonalEngine\GameEngine_Azul\Engine_Sprint_0.2\Libs\ProtoBuf\Proto\absl\base\nullability.h(1,1): warning C4819: 该文件包含不能在当前代码页(936)中表示的字符。请将该文件保存为 Unicode 格式以防止数据丢失
  (编译源文件“../ProtoBuf/src/textureData.cpp”)
  
D:\PersonalEngine\GameEngine_Azul\Engine_Sprint_0.2\Libs\ProtoBuf\Proto\google\protobuf\repeated_ptr_field.h(336,1): warning C4702: 无法访问的代码
D:\PersonalEngine\GameEngine_Azul\Engine_Sprint_0.2\Libs\ProtoBuf\Proto\google\protobuf\repeated_ptr_field.h(336,1): warning C4702: 无法访问的代码
    正在创建库 D:\PersonalEngine\GameEngine_Azul\Engine_Sprint_0.2\x64\Release\ProtoBufReleaseX64.lib 和对象 D:\PersonalEngine\GameEngine_Azul\Engine_Sprint_0.2\x64\Release\ProtoBufReleaseX64.exp
  ProtoBuf.vcxproj -> D:\PersonalEngine\GameEngine_Azul\Engine_Sprint_0.2\x64\Release\ProtoBufReleaseX64.dll
  D:\PersonalEngine\GameEngine_Azul\Engine_Sprint_0.2\Libs\ProtoBuf\Proto\libs\release\abseil_dll.dll
  D:\PersonalEngine\GameEngine_Azul\Engine_Sprint_0.2\Libs\ProtoBuf\Proto\libs\release\libprotobuf-lite.dll
  D:\PersonalEngine\GameEngine_Azul\Engine_Sprint_0.2\Libs\ProtoBuf\Proto\libs\release\libutf8_range.dll
  D:\PersonalEngine\GameEngine_Azul\Engine_Sprint_0.2\Libs\ProtoBuf\Proto\libs\release\libutf8_validity.dll
  已复制         4 个文件。
