d:\personalengine\gameengine_azul\engine_sprint_0.2\libs\protobuf\x64\release\meshdata.pb.obj
d:\personalengine\gameengine_azul\engine_sprint_0.2\libs\protobuf\x64\release\vbodata.pb.obj
d:\personalengine\gameengine_azul\engine_sprint_0.2\libs\protobuf\x64\release\bonedata.pb.obj
d:\personalengine\gameengine_azul\engine_sprint_0.2\libs\protobuf\x64\release\texturedata.obj
d:\personalengine\gameengine_azul\engine_sprint_0.2\libs\protobuf\x64\release\vbodata.obj
d:\personalengine\gameengine_azul\engine_sprint_0.2\libs\protobuf\x64\release\protobufengine_dllmain.obj
d:\personalengine\gameengine_azul\engine_sprint_0.2\libs\protobuf\x64\release\meshdata.obj
d:\personalengine\gameengine_azul\engine_sprint_0.2\libs\protobuf\x64\release\texturedata.pb.obj
d:\personalengine\gameengine_azul\engine_sprint_0.2\libs\protobuf\x64\release\vc143.pdb
d:\personalengine\gameengine_azul\engine_sprint_0.2\x64\release\protobufreleasex64.dll
d:\personalengine\gameengine_azul\engine_sprint_0.2\x64\release\protobufreleasex64.pdb
d:\personalengine\gameengine_azul\engine_sprint_0.2\x64\release\protobufreleasex64.lib
d:\personalengine\gameengine_azul\engine_sprint_0.2\x64\release\protobufreleasex64.exp
d:\personalengine\gameengine_azul\engine_sprint_0.2\libs\protobuf\x64\release\protobuf.tlog\cl.12264.write.1.tlog
d:\personalengine\gameengine_azul\engine_sprint_0.2\libs\protobuf\x64\release\protobuf.tlog\cl.command.1.tlog
d:\personalengine\gameengine_azul\engine_sprint_0.2\libs\protobuf\x64\release\protobuf.tlog\cl.items.tlog
d:\personalengine\gameengine_azul\engine_sprint_0.2\libs\protobuf\x64\release\protobuf.tlog\cl.read.1.tlog
d:\personalengine\gameengine_azul\engine_sprint_0.2\libs\protobuf\x64\release\protobuf.tlog\link.command.1.tlog
d:\personalengine\gameengine_azul\engine_sprint_0.2\libs\protobuf\x64\release\protobuf.tlog\link.read.1.tlog
d:\personalengine\gameengine_azul\engine_sprint_0.2\libs\protobuf\x64\release\protobuf.tlog\link.secondary.1.tlog
d:\personalengine\gameengine_azul\engine_sprint_0.2\libs\protobuf\x64\release\protobuf.tlog\link.write.1.tlog
