  World.cpp
D:\depaul code\Spring\keenan2025spring_gam475\student\xzhan153\Final\GameEngine_Final\Engine_Sprint_0.2\Libs\MySTL\include\ZVector.hpp(346,13): warning C4984: 'if constexpr' is a C++17 language extension
  (compiling source file 'src/World.cpp')
  
D:\depaul code\Spring\keenan2025spring_gam475\student\xzhan153\Final\GameEngine_Final\Engine_Sprint_0.2\Libs\ECS_System\include\World.h(136,4): warning C4984: 'if constexpr' is a C++17 language extension
  (compiling source file 'src/World.cpp')
  D:\depaul code\Spring\keenan2025spring_gam475\student\xzhan153\Final\GameEngine_Final\Engine_Sprint_0.2\Libs\ECS_System\include\World.h(121,15):
  This diagnostic occurred in the compiler generated function 'bool zecs::World::HasComponentRecursive(zecs::EntityID)'
  
D:\depaul code\Spring\keenan2025spring_gam475\student\xzhan153\Final\GameEngine_Final\Engine_Sprint_0.2\Libs\ECS_System\include\World.h(151,4): warning C4984: 'if constexpr' is a C++17 language extension
  (compiling source file 'src/World.cpp')
  D:\depaul code\Spring\keenan2025spring_gam475\student\xzhan153\Final\GameEngine_Final\Engine_Sprint_0.2\Libs\ECS_System\include\World.h(147,15):
  This diagnostic occurred in the compiler generated function 'void zecs::World::SpawnEntityRecursive(zecs::EntityID,T &&,Remains &&...)'
  
D:\depaul code\Spring\keenan2025spring_gam475\student\xzhan153\Final\GameEngine_Final\Engine_Sprint_0.2\Libs\ECS_System\include\World.h(171,5): warning C4984: 'if constexpr' is a C++17 language extension
  (compiling source file 'src/World.cpp')
  D:\depaul code\Spring\keenan2025spring_gam475\student\xzhan153\Final\GameEngine_Final\Engine_Sprint_0.2\Libs\ECS_System\include\World.h(158,28):
  This diagnostic occurred in the compiler generated function 'ZVector<zecs::EntityID> zecs::World::QueryRecursive(void)'
  
D:\depaul code\Spring\keenan2025spring_gam475\student\xzhan153\Final\GameEngine_Final\Engine_Sprint_0.2\Libs\MySTL\include\ZVector.hpp(306,57): warning C4365: 'return': conversion from '__int64' to 'size_t', signed/unsigned mismatch
  (compiling source file 'src/World.cpp')
  D:\depaul code\Spring\keenan2025spring_gam475\student\xzhan153\Final\GameEngine_Final\Engine_Sprint_0.2\Libs\MySTL\include\ZVector.hpp(306,57):
  the template instantiation context (the oldest one first) is
  	D:\depaul code\Spring\keenan2025spring_gam475\student\xzhan153\Final\GameEngine_Final\Engine_Sprint_0.2\Libs\ECS_System\include\SparseSet.hpp(12,8):
  	while compiling class template 'zecs::ZSparseSet'
  	D:\depaul code\Spring\keenan2025spring_gam475\student\xzhan153\Final\GameEngine_Final\Engine_Sprint_0.2\Libs\ECS_System\include\SparseSet.hpp(116,21):
  	see reference to class template instantiation 'ZVector<zecs::EntityID>' being compiled
  	D:\depaul code\Spring\keenan2025spring_gam475\student\xzhan153\Final\GameEngine_Final\Engine_Sprint_0.2\Libs\MySTL\include\ZVector.hpp(306,40):
  	while compiling class template member function 'size_t ZVector<zecs::EntityID>::size(void) const'
  		D:\depaul code\Spring\keenan2025spring_gam475\student\xzhan153\Final\GameEngine_Final\Engine_Sprint_0.2\Libs\MySTL\include\ZVector.hpp(142,12):
  		see the first reference to 'ZVector<zecs::EntityID>::size' in 'ZVector<zecs::EntityID>::back'
  		D:\depaul code\Spring\keenan2025spring_gam475\student\xzhan153\Final\GameEngine_Final\Engine_Sprint_0.2\Libs\ECS_System\include\EntityManager.h(16,17):
  		see the first reference to 'ZVector<zecs::EntityID>::back' in 'zecs::EntityManager::Create'
  
D:\depaul code\Spring\keenan2025spring_gam475\student\xzhan153\Final\GameEngine_Final\Engine_Sprint_0.2\Libs\MySTL\include\ZVector.hpp(114,32): warning C4365: 'return': conversion from '__int64' to 'size_t', signed/unsigned mismatch
  (compiling source file 'src/World.cpp')
  D:\depaul code\Spring\keenan2025spring_gam475\student\xzhan153\Final\GameEngine_Final\Engine_Sprint_0.2\Libs\MySTL\include\ZVector.hpp(114,32):
  the template instantiation context (the oldest one first) is
  	D:\depaul code\Spring\keenan2025spring_gam475\student\xzhan153\Final\GameEngine_Final\Engine_Sprint_0.2\Libs\MySTL\include\ZVector.hpp(112,19):
  	while compiling class template member function 'size_t ZVector<zecs::EntityID>::capacity(void) const'
  		D:\depaul code\Spring\keenan2025spring_gam475\student\xzhan153\Final\GameEngine_Final\Engine_Sprint_0.2\Libs\MySTL\include\ZVector.hpp(266,28):
  		see the first reference to 'ZVector<zecs::EntityID>::capacity' in 'ZVector<zecs::EntityID>::push_back'
  		D:\depaul code\Spring\keenan2025spring_gam475\student\xzhan153\Final\GameEngine_Final\Engine_Sprint_0.2\Libs\ECS_System\include\EntityManager.h(27,22):
  		see the first reference to 'ZVector<zecs::EntityID>::push_back' in 'zecs::EntityManager::Destroy'
  
D:\depaul code\Spring\keenan2025spring_gam475\student\xzhan153\Final\GameEngine_Final\Engine_Sprint_0.2\Libs\MySTL\include\ZVector.hpp(378,73): warning C4267: 'argument': conversion from 'size_t' to 'unsigned int', possible loss of data
  (compiling source file 'src/World.cpp')
  D:\depaul code\Spring\keenan2025spring_gam475\student\xzhan153\Final\GameEngine_Final\Engine_Sprint_0.2\Libs\MySTL\include\ZVector.hpp(378,73):
  the template instantiation context (the oldest one first) is
  	D:\depaul code\Spring\keenan2025spring_gam475\student\xzhan153\Final\GameEngine_Final\Engine_Sprint_0.2\Libs\MySTL\include\ZVector.hpp(263,1):
  	while compiling class template member function 'void ZVector<zecs::EntityID>::push_back(const T &)'
          with
          [
              T=zecs::EntityID
          ]
  		D:\depaul code\Spring\keenan2025spring_gam475\student\xzhan153\Final\GameEngine_Final\Engine_Sprint_0.2\Libs\ECS_System\include\EntityManager.h(27,22):
  		see the first reference to 'ZVector<zecs::EntityID>::push_back' in 'zecs::EntityManager::Destroy'
  	D:\depaul code\Spring\keenan2025spring_gam475\student\xzhan153\Final\GameEngine_Final\Engine_Sprint_0.2\Libs\MySTL\include\ZVector.hpp(362,1):
  	while compiling class template member function 'void ZVector<zecs::EntityID>::ensure_capacity(size_t)'
  		D:\depaul code\Spring\keenan2025spring_gam475\student\xzhan153\Final\GameEngine_Final\Engine_Sprint_0.2\Libs\MySTL\include\ZVector.hpp(70,24):
  		see the first reference to 'ZVector<zecs::EntityID>::ensure_capacity' in 'ZVector<zecs::EntityID>::reserve'
  
  zecs.vcxproj -> D:\depaul code\Spring\keenan2025spring_gam475\student\xzhan153\Final\GameEngine_Final\Engine_Sprint_0.2\Libs\ECS_System\x64\Release\zecsReleaseX64.lib
