  Entity.h
  EntityManager.cpp
  Forexport.cpp
  Utility.cpp
  World.cpp
D:\depaul code\Spring\keenan2025spring_gam475\student\xzhan153\Final\GameEngine_Final\Engine_Sprint_0.2\Libs\MySTL\include\ZVector.hpp(308,57): warning C4365: 'return': conversion from '__int64' to 'size_t', signed/unsigned mismatch
  (compiling source file 'src/World.cpp')
  D:\depaul code\Spring\keenan2025spring_gam475\student\xzhan153\Final\GameEngine_Final\Engine_Sprint_0.2\Libs\MySTL\include\ZVector.hpp(308,57):
  the template instantiation context (the oldest one first) is
  	D:\depaul code\Spring\keenan2025spring_gam475\student\xzhan153\Final\GameEngine_Final\Engine_Sprint_0.2\Libs\ECS_System\include\SparseSet.hpp(12,8):
  	while compiling class template 'zecs::ZSparseSet'
  	D:\depaul code\Spring\keenan2025spring_gam475\student\xzhan153\Final\GameEngine_Final\Engine_Sprint_0.2\Libs\ECS_System\include\SparseSet.hpp(126,21):
  	see reference to class template instantiation 'ZVector<zecs::EntityID>' being compiled
  	D:\depaul code\Spring\keenan2025spring_gam475\student\xzhan153\Final\GameEngine_Final\Engine_Sprint_0.2\Libs\MySTL\include\ZVector.hpp(308,40):
  	while compiling class template member function 'size_t ZVector<zecs::EntityID>::size(void) const'
  		D:\depaul code\Spring\keenan2025spring_gam475\student\xzhan153\Final\GameEngine_Final\Engine_Sprint_0.2\Libs\MySTL\include\ZVector.hpp(140,9):
  		see the first reference to 'ZVector<zecs::EntityID>::size' in 'ZVector<zecs::EntityID>::back'
  		D:\depaul code\Spring\keenan2025spring_gam475\student\xzhan153\Final\GameEngine_Final\Engine_Sprint_0.2\Libs\ECS_System\include\EntityManager.h(19,17):
  		see the first reference to 'ZVector<zecs::EntityID>::back' in 'zecs::EntityManager::Create'
  
D:\depaul code\Spring\keenan2025spring_gam475\student\xzhan153\Final\GameEngine_Final\Engine_Sprint_0.2\Libs\MySTL\include\ZVector.hpp(308,57): warning C4365: 'return': conversion from '__int64' to 'size_t', signed/unsigned mismatch
  (compiling source file 'src/EntityManager.cpp')
  D:\depaul code\Spring\keenan2025spring_gam475\student\xzhan153\Final\GameEngine_Final\Engine_Sprint_0.2\Libs\MySTL\include\ZVector.hpp(308,57):
  the template instantiation context (the oldest one first) is
  	D:\depaul code\Spring\keenan2025spring_gam475\student\xzhan153\Final\GameEngine_Final\Engine_Sprint_0.2\Libs\ECS_System\include\EntityManager.h(34,35):
  	see reference to class template instantiation 'ZVector<zecs::EntityID>' being compiled
  	D:\depaul code\Spring\keenan2025spring_gam475\student\xzhan153\Final\GameEngine_Final\Engine_Sprint_0.2\Libs\MySTL\include\ZVector.hpp(308,40):
  	while compiling class template member function 'size_t ZVector<zecs::EntityID>::size(void) const'
  		D:\depaul code\Spring\keenan2025spring_gam475\student\xzhan153\Final\GameEngine_Final\Engine_Sprint_0.2\Libs\MySTL\include\ZVector.hpp(140,9):
  		see the first reference to 'ZVector<zecs::EntityID>::size' in 'ZVector<zecs::EntityID>::back'
  		D:\depaul code\Spring\keenan2025spring_gam475\student\xzhan153\Final\GameEngine_Final\Engine_Sprint_0.2\Libs\ECS_System\include\EntityManager.h(19,17):
  		see the first reference to 'ZVector<zecs::EntityID>::back' in 'zecs::EntityManager::Create'
  
D:\depaul code\Spring\keenan2025spring_gam475\student\xzhan153\Final\GameEngine_Final\Engine_Sprint_0.2\Libs\MySTL\include\ZVector.hpp(114,32): warning C4365: 'return': conversion from '__int64' to 'size_t', signed/unsigned mismatch
  (compiling source file 'src/World.cpp')
  D:\depaul code\Spring\keenan2025spring_gam475\student\xzhan153\Final\GameEngine_Final\Engine_Sprint_0.2\Libs\MySTL\include\ZVector.hpp(114,32):
  the template instantiation context (the oldest one first) is
  	D:\depaul code\Spring\keenan2025spring_gam475\student\xzhan153\Final\GameEngine_Final\Engine_Sprint_0.2\Libs\MySTL\include\ZVector.hpp(112,19):
  	while compiling class template member function 'size_t ZVector<zecs::EntityID>::capacity(void) const'
  		D:\depaul code\Spring\keenan2025spring_gam475\student\xzhan153\Final\GameEngine_Final\Engine_Sprint_0.2\Libs\MySTL\include\ZVector.hpp(268,28):
  		see the first reference to 'ZVector<zecs::EntityID>::capacity' in 'ZVector<zecs::EntityID>::push_back'
  		D:\depaul code\Spring\keenan2025spring_gam475\student\xzhan153\Final\GameEngine_Final\Engine_Sprint_0.2\Libs\ECS_System\include\EntityManager.h(30,22):
  		see the first reference to 'ZVector<zecs::EntityID>::push_back' in 'zecs::EntityManager::Destroy'
  
D:\depaul code\Spring\keenan2025spring_gam475\student\xzhan153\Final\GameEngine_Final\Engine_Sprint_0.2\Libs\MySTL\include\ZVector.hpp(114,32): warning C4365: 'return': conversion from '__int64' to 'size_t', signed/unsigned mismatch
  (compiling source file 'src/EntityManager.cpp')
  D:\depaul code\Spring\keenan2025spring_gam475\student\xzhan153\Final\GameEngine_Final\Engine_Sprint_0.2\Libs\MySTL\include\ZVector.hpp(114,32):
  the template instantiation context (the oldest one first) is
  	D:\depaul code\Spring\keenan2025spring_gam475\student\xzhan153\Final\GameEngine_Final\Engine_Sprint_0.2\Libs\MySTL\include\ZVector.hpp(112,19):
  	while compiling class template member function 'size_t ZVector<zecs::EntityID>::capacity(void) const'
  		D:\depaul code\Spring\keenan2025spring_gam475\student\xzhan153\Final\GameEngine_Final\Engine_Sprint_0.2\Libs\MySTL\include\ZVector.hpp(268,28):
  		see the first reference to 'ZVector<zecs::EntityID>::capacity' in 'ZVector<zecs::EntityID>::push_back'
  		D:\depaul code\Spring\keenan2025spring_gam475\student\xzhan153\Final\GameEngine_Final\Engine_Sprint_0.2\Libs\ECS_System\include\EntityManager.h(30,22):
  		see the first reference to 'ZVector<zecs::EntityID>::push_back' in 'zecs::EntityManager::Destroy'
  
D:\depaul code\Spring\keenan2025spring_gam475\student\xzhan153\Final\GameEngine_Final\Engine_Sprint_0.2\Libs\MySTL\include\ZVector.hpp(380,73): warning C4267: 'argument': conversion from 'size_t' to 'unsigned int', possible loss of data
  (compiling source file 'src/World.cpp')
  D:\depaul code\Spring\keenan2025spring_gam475\student\xzhan153\Final\GameEngine_Final\Engine_Sprint_0.2\Libs\MySTL\include\ZVector.hpp(380,73):
  the template instantiation context (the oldest one first) is
  	D:\depaul code\Spring\keenan2025spring_gam475\student\xzhan153\Final\GameEngine_Final\Engine_Sprint_0.2\Libs\MySTL\include\ZVector.hpp(192,1):
  	while compiling class template member function 'ZVector<zecs::EntityID>::ZVector(void)'
  		D:\depaul code\Spring\keenan2025spring_gam475\student\xzhan153\Final\GameEngine_Final\Engine_Sprint_0.2\Libs\ECS_System\include\EntityManager.h(34,35):
  		see the first reference to 'ZVector<zecs::EntityID>::ZVector' in 'void __cdecl `dynamic initializer for 'private: static ZVector<zecs::EntityID> zecs::EntityManager::freeList''(void)'
  	D:\depaul code\Spring\keenan2025spring_gam475\student\xzhan153\Final\GameEngine_Final\Engine_Sprint_0.2\Libs\MySTL\include\ZVector.hpp(364,1):
  	while compiling class template member function 'void ZVector<zecs::EntityID>::ensure_capacity(size_t)'
  		D:\depaul code\Spring\keenan2025spring_gam475\student\xzhan153\Final\GameEngine_Final\Engine_Sprint_0.2\Libs\MySTL\include\ZVector.hpp(70,24):
  		see the first reference to 'ZVector<zecs::EntityID>::ensure_capacity' in 'ZVector<zecs::EntityID>::reserve'
  		D:\depaul code\Spring\keenan2025spring_gam475\student\xzhan153\Final\GameEngine_Final\Engine_Sprint_0.2\Libs\MySTL\include\ZVector.hpp(269,16):
  		see the first reference to 'ZVector<zecs::EntityID>::reserve' in 'ZVector<zecs::EntityID>::push_back'
  		D:\depaul code\Spring\keenan2025spring_gam475\student\xzhan153\Final\GameEngine_Final\Engine_Sprint_0.2\Libs\ECS_System\include\EntityManager.h(30,22):
  		see the first reference to 'ZVector<zecs::EntityID>::push_back' in 'zecs::EntityManager::Destroy'
  
D:\depaul code\Spring\keenan2025spring_gam475\student\xzhan153\Final\GameEngine_Final\Engine_Sprint_0.2\Libs\MySTL\include\ZVector.hpp(380,73): warning C4267: 'argument': conversion from 'size_t' to 'unsigned int', possible loss of data
  (compiling source file 'src/EntityManager.cpp')
  D:\depaul code\Spring\keenan2025spring_gam475\student\xzhan153\Final\GameEngine_Final\Engine_Sprint_0.2\Libs\MySTL\include\ZVector.hpp(380,73):
  the template instantiation context (the oldest one first) is
  	D:\depaul code\Spring\keenan2025spring_gam475\student\xzhan153\Final\GameEngine_Final\Engine_Sprint_0.2\Libs\MySTL\include\ZVector.hpp(192,1):
  	while compiling class template member function 'ZVector<zecs::EntityID>::ZVector(void)'
  		D:\depaul code\Spring\keenan2025spring_gam475\student\xzhan153\Final\GameEngine_Final\Engine_Sprint_0.2\Libs\ECS_System\include\EntityManager.h(34,35):
  		see the first reference to 'ZVector<zecs::EntityID>::ZVector' in 'void __cdecl `dynamic initializer for 'private: static ZVector<zecs::EntityID> zecs::EntityManager::freeList''(void)'
  	D:\depaul code\Spring\keenan2025spring_gam475\student\xzhan153\Final\GameEngine_Final\Engine_Sprint_0.2\Libs\MySTL\include\ZVector.hpp(364,1):
  	while compiling class template member function 'void ZVector<zecs::EntityID>::ensure_capacity(size_t)'
  		D:\depaul code\Spring\keenan2025spring_gam475\student\xzhan153\Final\GameEngine_Final\Engine_Sprint_0.2\Libs\MySTL\include\ZVector.hpp(70,24):
  		see the first reference to 'ZVector<zecs::EntityID>::ensure_capacity' in 'ZVector<zecs::EntityID>::reserve'
  		D:\depaul code\Spring\keenan2025spring_gam475\student\xzhan153\Final\GameEngine_Final\Engine_Sprint_0.2\Libs\MySTL\include\ZVector.hpp(269,16):
  		see the first reference to 'ZVector<zecs::EntityID>::reserve' in 'ZVector<zecs::EntityID>::push_back'
  		D:\depaul code\Spring\keenan2025spring_gam475\student\xzhan153\Final\GameEngine_Final\Engine_Sprint_0.2\Libs\ECS_System\include\EntityManager.h(30,22):
  		see the first reference to 'ZVector<zecs::EntityID>::push_back' in 'zecs::EntityManager::Destroy'
  
  zecs.vcxproj -> D:\depaul code\Spring\keenan2025spring_gam475\student\xzhan153\Final\GameEngine_Final\Engine_Sprint_0.2\Libs\ECS_System\x64\Debug\zecsDebugX64.lib
